------------------------------------------------------------------------------------------------------------------------

[2020-10-17 10:29:58 #1 store] 
Database 'C:\Users\Joseba\Desktop\SI2_workspace\upv.if.bets\src\main\resources\bets.temp' has been recovered (tr. 10911-10913)

[2020-10-17 10:29:58 #2 store] 
Database 'C:\Users\Joseba\Desktop\SI2_workspace\upv.if.bets\src\main\resources\bets.temp' is opened by 16352@DESKTOP-6LUC2SR

[2020-10-17 10:29:58 #3 type] 
Type domain.Question is not enhanced.

[2020-10-17 10:29:58 #4 type] 
Type domain.Event is not enhanced.

[2020-10-17 10:29:58 #5 type] 
Type domain.User is not enhanced.

[2020-10-17 10:29:58 #6 type] 
Type domain.Kuota is not enhanced.

[2020-10-17 10:29:58 #7 type] 
Type domain.Admins is not enhanced.

[2020-10-17 10:29:58 #8 type] 
Type domain.Bet is not enhanced.

[2020-10-17 10:29:58 #9 type] 
Type domain.Mugimenduak is not enhanced.

------------------------------------------------------------------------------------------------------------------------

[2020-10-17 10:34:05 #1 store] 
Database 'C:\Users\Joseba\Desktop\SI2_workspace\upv.if.bets\src\main\resources\bets.temp' has been recovered (tr. 10914-10916)

[2020-10-17 10:34:05 #2 store] 
Database 'C:\Users\Joseba\Desktop\SI2_workspace\upv.if.bets\src\main\resources\bets.temp' is opened by 8092@DESKTOP-6LUC2SR

[2020-10-17 10:34:05 #3 type] 
Type domain.Question is not enhanced.

[2020-10-17 10:34:05 #4 type] 
Type domain.Event is not enhanced.

[2020-10-17 10:34:05 #5 type] 
Type domain.User is not enhanced.

[2020-10-17 10:34:05 #6 type] 
Type domain.Kuota is not enhanced.

[2020-10-17 10:34:05 #7 type] 
Type domain.Admins is not enhanced.

[2020-10-17 10:34:05 #8 type] 
Type domain.Bet is not enhanced.

[2020-10-17 10:34:05 #9 type] 
Type domain.Mugimenduak is not enhanced.

------------------------------------------------------------------------------------------------------------------------

[2020-10-17 10:40:37 #1 store] 
Database 'C:\Users\Joseba\Desktop\SI2_workspace\upv.if.bets\src\main\resources\bets.temp' has been recovered (tr. 10917-10919)

[2020-10-17 10:40:37 #2 store] 
Database 'C:\Users\Joseba\Desktop\SI2_workspace\upv.if.bets\src\main\resources\bets.temp' is opened by 12236@DESKTOP-6LUC2SR

[2020-10-17 10:40:37 #3 type] 
Type domain.Question is not enhanced.

[2020-10-17 10:40:37 #4 type] 
Type domain.Event is not enhanced.

[2020-10-17 10:40:37 #5 type] 
Type domain.User is not enhanced.

[2020-10-17 10:40:37 #6 type] 
Type domain.Kuota is not enhanced.

[2020-10-17 10:40:37 #7 type] 
Type domain.Admins is not enhanced.

[2020-10-17 10:40:37 #8 type] 
Type domain.Bet is not enhanced.

[2020-10-17 10:40:37 #9 type] 
Type domain.Mugimenduak is not enhanced.

------------------------------------------------------------------------------------------------------------------------

[2020-10-17 10:41:34 #1 store] 
Database 'C:\Users\Joseba\Desktop\SI2_workspace\upv.if.bets\src\main\resources\bets.temp' has been recovered (tr. 10920-10922)

[2020-10-17 10:41:34 #2 store] 
Database 'C:\Users\Joseba\Desktop\SI2_workspace\upv.if.bets\src\main\resources\bets.temp' is opened by 1204@DESKTOP-6LUC2SR

[2020-10-17 10:41:34 #3 type] 
Type domain.Question is not enhanced.

[2020-10-17 10:41:34 #4 type] 
Type domain.Event is not enhanced.

[2020-10-17 10:41:34 #5 type] 
Type domain.User is not enhanced.

[2020-10-17 10:41:34 #6 type] 
Type domain.Kuota is not enhanced.

[2020-10-17 10:41:34 #7 type] 
Type domain.Admins is not enhanced.

[2020-10-17 10:41:34 #8 type] 
Type domain.Bet is not enhanced.

[2020-10-17 10:41:34 #9 type] 
Type domain.Mugimenduak is not enhanced.

------------------------------------------------------------------------------------------------------------------------

[2020-10-17 10:42:07 #1 store] 
Database 'C:\Users\Joseba\Desktop\SI2_workspace\upv.if.bets\src\main\resources\bets.temp' has been recovered (tr. 10923-10925)

[2020-10-17 10:42:08 #2 store] 
Database 'C:\Users\Joseba\Desktop\SI2_workspace\upv.if.bets\src\main\resources\bets.temp' is opened by 14956@DESKTOP-6LUC2SR

[2020-10-17 10:42:08 #3 type] 
Type domain.Question is not enhanced.

[2020-10-17 10:42:08 #4 type] 
Type domain.Event is not enhanced.

[2020-10-17 10:42:08 #5 type] 
Type domain.User is not enhanced.

[2020-10-17 10:42:08 #6 type] 
Type domain.Kuota is not enhanced.

[2020-10-17 10:42:08 #7 type] 
Type domain.Admins is not enhanced.

[2020-10-17 10:42:08 #8 type] 
Type domain.Bet is not enhanced.

[2020-10-17 10:42:08 #9 type] 
Type domain.Mugimenduak is not enhanced.

------------------------------------------------------------------------------------------------------------------------

[2020-10-17 10:59:35 #1 store] 
Database 'C:\Users\Joseba\Desktop\SI2_workspace\upv.if.bets\src\main\resources\bets.temp' has been recovered (tr. 10926-10928)

[2020-10-17 10:59:35 #2 store] 
Database 'C:\Users\Joseba\Desktop\SI2_workspace\upv.if.bets\src\main\resources\bets.temp' is opened by 2800@DESKTOP-6LUC2SR

[2020-10-17 10:59:35 #3 type] 
Type domain.Question is not enhanced.

[2020-10-17 10:59:35 #4 type] 
Type domain.Event is not enhanced.

[2020-10-17 10:59:35 #5 type] 
Type domain.User is not enhanced.

[2020-10-17 10:59:35 #6 type] 
Type domain.Kuota is not enhanced.

[2020-10-17 10:59:35 #7 type] 
Type domain.Admins is not enhanced.

[2020-10-17 10:59:35 #8 type] 
Type domain.Bet is not enhanced.

[2020-10-17 10:59:35 #9 type] 
Type domain.Mugimenduak is not enhanced.

------------------------------------------------------------------------------------------------------------------------

[2020-10-17 11:35:48 #1 store] 
Database 'C:\Users\Joseba\Desktop\SI2_workspace\upv.if.bets\src\main\resources\bets.temp' has been recovered (tr. 10929-10931)

[2020-10-17 11:35:48 #2 store] 
Database 'C:\Users\Joseba\Desktop\SI2_workspace\upv.if.bets\src\main\resources\bets.temp' is opened by 3692@DESKTOP-6LUC2SR

[2020-10-17 11:35:48 #3 type] 
Type domain.Question is not enhanced.

[2020-10-17 11:35:48 #4 type] 
Type domain.Event is not enhanced.

[2020-10-17 11:35:48 #5 type] 
Type domain.User is not enhanced.

[2020-10-17 11:35:48 #6 type] 
Type domain.Kuota is not enhanced.

[2020-10-17 11:35:48 #7 type] 
Type domain.Admins is not enhanced.

[2020-10-17 11:35:48 #8 type] 
Type domain.Bet is not enhanced.

[2020-10-17 11:35:48 #9 type] 
Type domain.Mugimenduak is not enhanced.

------------------------------------------------------------------------------------------------------------------------

[2020-10-17 11:36:13 #1 store] 
Database 'C:\Users\Joseba\Desktop\SI2_workspace\upv.if.bets\src\main\resources\bets.temp' has been recovered (tr. 10932-10934)

[2020-10-17 11:36:13 #2 store] 
Database 'C:\Users\Joseba\Desktop\SI2_workspace\upv.if.bets\src\main\resources\bets.temp' is opened by 15972@DESKTOP-6LUC2SR

[2020-10-17 11:36:13 #3 type] 
Type domain.Question is not enhanced.

[2020-10-17 11:36:13 #4 type] 
Type domain.Event is not enhanced.

[2020-10-17 11:36:13 #5 type] 
Type domain.User is not enhanced.

[2020-10-17 11:36:13 #6 type] 
Type domain.Kuota is not enhanced.

[2020-10-17 11:36:13 #7 type] 
Type domain.Admins is not enhanced.

[2020-10-17 11:36:13 #8 type] 
Type domain.Bet is not enhanced.

[2020-10-17 11:36:13 #9 type] 
Type domain.Mugimenduak is not enhanced.

------------------------------------------------------------------------------------------------------------------------

[2020-10-17 11:39:17 #1 store] 
Database 'C:\Users\Joseba\Desktop\SI2_workspace\upv.if.bets\src\main\resources\bets.temp' has been recovered (tr. 10935-10937)

[2020-10-17 11:39:17 #2 store] 
Database 'C:\Users\Joseba\Desktop\SI2_workspace\upv.if.bets\src\main\resources\bets.temp' is opened by 10508@DESKTOP-6LUC2SR

[2020-10-17 11:39:17 #3 type] 
Type domain.Question is not enhanced.

[2020-10-17 11:39:17 #4 type] 
Type domain.Event is not enhanced.

[2020-10-17 11:39:17 #5 type] 
Type domain.User is not enhanced.

[2020-10-17 11:39:17 #6 type] 
Type domain.Kuota is not enhanced.

[2020-10-17 11:39:17 #7 type] 
Type domain.Admins is not enhanced.

[2020-10-17 11:39:17 #8 type] 
Type domain.Bet is not enhanced.

[2020-10-17 11:39:17 #9 type] 
Type domain.Mugimenduak is not enhanced.

------------------------------------------------------------------------------------------------------------------------

[2020-10-17 11:40:04 #1 store] 
Database 'C:\Users\Joseba\Desktop\SI2_workspace\upv.if.bets\src\main\resources\bets.temp' has been recovered (tr. 10938-10940)

[2020-10-17 11:40:04 #2 store] 
Database 'C:\Users\Joseba\Desktop\SI2_workspace\upv.if.bets\src\main\resources\bets.temp' is opened by 6416@DESKTOP-6LUC2SR

[2020-10-17 11:40:04 #3 type] 
Type domain.Question is not enhanced.

[2020-10-17 11:40:04 #4 type] 
Type domain.Event is not enhanced.

[2020-10-17 11:40:04 #5 type] 
Type domain.User is not enhanced.

[2020-10-17 11:40:04 #6 type] 
Type domain.Kuota is not enhanced.

[2020-10-17 11:40:04 #7 type] 
Type domain.Admins is not enhanced.

[2020-10-17 11:40:04 #8 type] 
Type domain.Bet is not enhanced.

[2020-10-17 11:40:04 #9 type] 
Type domain.Mugimenduak is not enhanced.

